[2025-06-11][16:14:21.254655300][Jorge][Accede al sistema]
[2025-06-11][16:40:23.741278300][Jorge][Accede al sistema]
[2025-06-11][16:40:34.886384700][Jorge][Exportación de datos de sedes]
[2025-06-11][21:54:23.983402600][Jorge][Accede al sistema]
[2025-06-11][21:54:48.270961800][Jorge][Alta de nueva clínica]
[2025-06-11][21:54:48.270961800][Jorge][INSERT INTO clinicas VALUES (null,'Albania','654778998','10:00');]
[2025-06-11][21:55:15.962365700][UPDATE clinicas SET direccionClinica = 'Montenegro', telefonoClinica = '654778998', horarioClinica = '10:00:00' WHERE idClinica = 14;][Modificación de clínica]
[2025-06-11][21:55:38.088550900][UPDATE clinicas SET direccionClinica = 'Montenegro', telefonoClinica = '654778998', horarioClinica = '10:00:00' WHERE idClinica = 14;][Modificación de clínica]
[2025-06-11][21:56:44.980712300][Jorge][Alta de nuevo tratamiento]
[2025-06-11][21:56:44.981713300][Jorge][INSERT INTO tratamientos VALUES (null,'2028-09-11','Paracetamol','40.29');]
[2025-06-11][21:56:55.481649500][Jorge][Baja de tratamiento]
[2025-06-11][21:56:57.971544200][][Baja de tratamiento]
[2025-06-11][21:57:07.815859][UPDATE tratamientos SET FechaCaducidadTratamiento = '2028-09-11', tipoTratamiento = 'Paracetamoles', precioTratamiento = '40.29' WHERE idTratamiento = 5;][Modificación de tratamiento]
[2025-06-11][21:57:08.849852700][SELECT * FROM tratamientos WHERE idTratamiento = 5][Baja de tratamiento]
[2025-06-11][21:57:31.421513700][Jorge][Accede al sistema]
[2025-06-11][22:01:30.927948400][Jorge][Alta de nuevo paciente]
[2025-06-11][22:01:30.930948600][Jorge][INSERT INTO pacientes VALUES (null,'Felipe','24','José','1 - Calle Mar de Alborán');]
[2025-06-11][22:01:44.350515600][Jorge][Baja de tratamiento]
[2025-06-12][11:37:06.917567400][Jorge][Accede al sistema]
[2025-06-12][11:37:22.270127900][UPDATE clinicas SET direccionClinica = 'Calle', telefonoClinica = '654345444', horarioClinica = '10:00:00' WHERE idClinica = 11;][Modificación de clínica]
[2025-06-12][12:05:37.305226600][Jorge][Accede al sistema]
[2025-06-12][12:05:43.610985900][11][SELECT * FROM clinicas WHERE idClinica = null]
[2025-06-12][12:15:32.583647500][Jorge][Accede al sistema]
[2025-06-12][12:15:39.256999100][][SELECT * FROM clinicas WHERE idClinica = 1]
[2025-06-12][12:16:15.533651300][Jorge][Accede al sistema]
[2025-06-12][12:19:09.797695100][Jorge][Accede al sistema]
[2025-06-12][12:19:13.150084][][SELECT * FROM clinicas WHERE idClinica = Seleccionar una clínica...]
[2025-06-12][12:19:16.250061200][][SELECT * FROM clinicas WHERE idClinica = 1]
[2025-06-12][12:23:27.603733200][][SELECT * FROM clinicas WHERE idClinica = 10]
[2025-06-12][12:24:10.368817200][][SELECT * FROM clinicas WHERE idClinica = 11]
[2025-06-12][12:36:37.562434300][Jorge][Accede al sistema]
[2025-06-12][12:36:51.098396800][][Baja de tratamiento]
[2025-06-12][12:37:22.560936600][Jorge][Alta de nuevo paciente]
[2025-06-12][12:37:22.567077900][Jorge][INSERT INTO pacientes VALUES (null,'Juan','21','Paco','1 - Calle Mar de Alborán');]
[2025-06-12][12:40:42.516474300][Jorge][Accede al sistema]
[2025-06-12][12:40:53.829976400][Jorge][Alta de nuevo paciente]
[2025-06-12][12:40:53.837181400][Jorge][INSERT INTO pacientes VALUES (null,'Juan','21','José','1');]
[2025-06-12][12:43:33.099331200][Jorge][Accede al sistema]
[2025-06-12][12:44:56.928886200][Jorge][Accede al sistema]
[2025-06-12][13:01:10.051704200][Jorge][Accede al sistema]
[2025-06-12][13:01:19.732182900][null][Modificación de paciente]
[2025-06-12][13:01:32.061971900][1][Baja de paciente con ID ]
[2025-06-12][13:01:37.531961300][1][Baja de paciente con ID ]
[2025-06-12][13:07:33.998597200][Jorge][Accede al sistema]
[2025-06-12][13:17:14.119516700][Jorge][Accede al sistema]
[2025-06-12][13:17:23.104510400][Jorge][Baja de tratamiento]
[2025-06-12][13:17:41.546034200][Jorge][Alta de nuevo paciente]
[2025-06-12][13:17:41.559687][Jorge][INSERT INTO pacientes VALUES (null,'Juan','25','Pedro','1');]
[2025-06-12][13:17:45.148708600][Jorge][Baja de tratamiento]
[2025-06-12][13:17:53.238155400][Jorge][Alta de nuevo registro de ingesta]
[2025-06-12][13:17:53.239159700][Jorge][INSERT INTO ingieren VALUES (null, '2', '1', '2');]
[2025-06-12][13:20:36.587162600][Jorge][Accede al sistema]
[2025-06-12][13:20:37.945615200][Jorge][Baja de tratamiento]
[2025-06-12][13:20:42.829920400][Jorge][Alta de nuevo registro de ingesta]
[2025-06-12][13:20:42.831917800][Jorge][INSERT INTO ingieren (recetaIngiere, medicoIngiere, idPacienteFK, idTratamientoFK) VALUES ('2', 'Jorge', 2, 1);]
[2025-06-12][13:22:31.324160300][Jorge][Accede al sistema]
[2025-06-12][13:23:47.455491][Jorge][Accede al sistema]
[2025-06-12][13:48:12.713138200][Jorge][Accede al sistema]
[2025-06-12][13:50:50.235663300][Jorge][Accede al sistema]
[2025-06-12][13:54:53.216751600][Jorge][Accede al sistema]
[2025-06-12][14:07:14.393220600][Jorge][Accede al sistema]
[2025-06-12][14:14:55.711635300][Jorge][Accede al sistema]
[2025-06-12][14:28:39.988467300][Jorge][Accede al sistema]
[2025-06-12][14:34:26.084617200][Jorge][Accede al sistema]
[2025-06-12][14:34:46.321331300][Jorge][Accede al sistema]
[2025-06-12][14:34:53.681480400][Jorge][Baja de tratamiento]
[2025-06-12][14:34:58.850070300][Jorge][Alta de nuevo registro de ingesta]
[2025-06-12][14:34:58.851069100][Jorge][INSERT INTO ingieren (recetaIngiere, medicoIngiere, idPacienteFK, idTratamientoFK) VALUES ('2', 'Jorge', 2, 1);]
[2025-06-12][14:35:30.087740800][Jorge][Accede al sistema]
[2025-06-12][14:36:39.133277300][Jorge][Accede al sistema]
[2025-06-12][14:46:13.869067900][Jorge][Accede al sistema]
[2025-06-12][14:46:43.298876500][Jorge][Accede al sistema]
[2025-06-12][14:49:58.146169][Jorge][Accede al sistema]
[2025-06-12][14:52:13.389690600][Jorge][Accede al sistema]
[2025-06-12][14:54:27.904173600][Jorge][Accede al sistema]
[2025-06-12][14:55:33.983932100][Jorge][Accede al sistema]
[2025-06-12][14:58:06][Jorge][Accede al sistema]
[2025-06-12][14:58:13][Jorge][Baja de tratamiento]
[2025-06-12][14:58:19][Jorge][Alta de nuevo registro de ingesta]
[2025-06-12][14:58:19][Jorge][INSERT INTO ingieren (recetaIngiere, medicoIngiere, idPacienteFK, idTratamientoFK) VALUES ('5', 'Jorge', 2, 1);]
[2025-06-12][14:59:26][Jorge][Accede al sistema]
[2025-06-12][14:59:42][Jorge][Alta de nueva clínica]
[2025-06-12][14:59:42][Jorge][INSERT INTO clinicas VALUES (null,'Madeira','567364646','9:00');]
[2025-06-12][15:02:00.727773100][Jorge][Accede al sistema]
[2025-06-12][15:02:07.384389800][10][Baja de clínica]
[2025-06-12][15:15:20.996048800][Jorge][Accede al sistema]
[2025-06-12][15:15:38.077740200][Jorge][Alta de nueva clínica]
[2025-06-12][15:15:38.077740200][Jorge][INSERT INTO clinicas VALUES (null,'Timanfaya','222222222','13:00');]
[2025-06-12][15:15:49.676167700][][SELECT * FROM clinicas WHERE idClinica = 10]
[2025-06-12][15:16:08.924808900][12][Baja de clínica]
[2025-06-12][15:17:52.798868600][Jorge][Accede al sistema]
[2025-06-12][15:17:59.423334800][Jorge][Baja de clínica]
[2025-06-12][15:18:47.157644700][Jorge][Alta de nuevo tratamiento]
[2025-06-12][15:18:47.157644700][Jorge][INSERT INTO tratamientos VALUES (null,'2029-01-01','Diabetes','7.50');]
[2025-06-12][15:18:54.810772900][][Baja de tratamiento]
[2025-06-12][15:21:56.567788600][Jorge][Accede al sistema]
[2025-06-12][15:21:58.557840800][][Baja de tratamiento]
[2025-06-12][15:22:08.343495][UPDATE tratamientos SET FechaCaducidadTratamiento = '2029-12-01', tipoTratamiento = 'Diabetes', precioTratamiento = '7.50' WHERE idTratamiento = 6;][Modificación de tratamiento]
[2025-06-12][15:22:09.286241100][SELECT * FROM tratamientos WHERE idTratamiento = 6][Baja de tratamiento]
[2025-06-12][15:22:25.804015900][][Baja de tratamiento]
[2025-06-12][15:22:36.483121][UPDATE tratamientos SET FechaCaducidadTratamiento = '2028-09-11', tipoTratamiento = 'Paracetamoles', precioTratamiento = '40.29' WHERE idTratamiento = 5;][Modificación de tratamiento]
[2025-06-12][15:22:37.300234400][SELECT * FROM tratamientos WHERE idTratamiento = 5][Baja de tratamiento]
[2025-06-12][15:23:21.866650200][Jorge][Accede al sistema]
[2025-06-12][15:23:23.467600700][][Baja de tratamiento]
[2025-06-12][15:23:33.998741800][UPDATE tratamientos SET FechaCaducidadTratamiento = '2027-12-31', tipoTratamiento = 'Pastilla para dormir', precioTratamiento = '15.50' WHERE idTratamiento = 3;][Modificación de tratamiento]
[2025-06-12][15:23:34.895877400][SELECT * FROM tratamientos WHERE idTratamiento = 3][Baja de tratamiento]
[2025-06-12][15:26:50.267020500][Jorge][Accede al sistema]
[2025-06-12][15:26:51.974139600][Jorge][Baja de tratamiento]
[2025-06-12][15:27:05.070716600][][Baja de tratamiento]
[2025-06-12][15:27:13.060787900][UPDATE tratamientos SET FechaCaducidadTratamiento = '2030-11-30', tipoTratamiento = 'Soluble con agua', precioTratamiento = '9.99' WHERE idTratamiento = 1;][Modificación de tratamiento]
[2025-06-12][15:27:14.400166900][SELECT * FROM tratamientos WHERE idTratamiento = 1][Baja de tratamiento]
[2025-06-12][15:33:09.476873500][Jorge][Accede al sistema]
[2025-06-12][15:33:11.370112600][][Baja de tratamiento]
[2025-06-12][15:33:17.597262][null][Modificación de tratamiento]
[2025-06-12][15:33:18.733481100][SELECT * FROM tratamientos WHERE idTratamiento = 1][Baja de tratamiento]
[2025-06-12][15:33:50.684093600][Jorge][Accede al sistema]
[2025-06-12][15:33:52.505314300][Jorge][Baja de tratamiento]
[2025-06-12][15:36:07.710606100][Jorge][Accede al sistema]
[2025-06-12][15:36:09.445242600][Jorge][Baja de tratamiento]
[2025-06-12][15:37:56.402898800][Jorge][Accede al sistema]
[2025-06-12][15:37:58.116673100][Jorge][Baja de tratamiento]
[2025-06-12][15:40:26.929770100][Jorge][Accede al sistema]
[2025-06-12][15:40:28.815813300][Jorge][Baja de tratamiento]
[2025-06-12][15:41:36.936927300][Jorge][Accede al sistema]
[2025-06-12][15:41:38.612466200][Jorge][Baja de tratamiento]
[2025-06-12][15:42:09.891735200][Jorge][Alta de nuevo paciente]
[2025-06-12][15:42:09.894590100][Jorge][INSERT INTO pacientes VALUES (null,'Juan Pero','4','Rubén','14');]
[2025-06-12][15:47:48.153077500][Jorge][Accede al sistema]
[2025-06-12][15:49:12.198248400][Jorge][Accede al sistema]
[2025-06-12][15:49:24.613174700][Jorge][Accede al sistema]
[2025-06-12][15:49:49.549416700][null][Modificación de paciente]
[2025-06-12][15:49:57.005803400][Jorge][Baja de tratamiento]
[2025-06-12][15:50:02.508973700][Jorge][Alta de nuevo registro de ingesta]
[2025-06-12][15:50:02.509993500][Jorge][INSERT INTO ingieren (recetaIngiere, medicoIngiere, idPacienteFK, idTratamientoFK) VALUES ('6', 'Jorge', 3, 1);]
[2025-06-12][15:50:40.743371100][4][Baja de registro de ingesta]
[2025-06-12][16:24:37.001512][4][Baja de registro de ingesta]
[2025-06-12][16:27:38.344411500][Jorge][Accede al sistema]
[2025-06-12][16:27:45.398401600][Jorge][Baja de registro de ingesta]
[2025-06-12][16:39:54.953996300][Jorge][Accede al sistema]
[2025-06-12][16:45:08.820151200][Jorge][Accede al sistema]
[2025-06-12][16:50:02.575316300][Jorge][Accede al sistema]
[2025-06-12][16:54:36.821826500][Jorge][Accede al sistema]
[2025-06-12][16:56:52.170106200][Jorge][Accede al sistema]
[2025-06-12][17:00:26.911940400][Jorge][Accede al sistema]
[2025-06-12][17:01:37.884964900][Jorge][Accede al sistema]
[2025-06-12][17:08:04.854438300][Jorge][Accede al sistema]
[2025-06-12][17:08:21.639462800][Jorge][Accede al sistema]
[2025-06-12][17:08:49.339185900][Jorge][Accede al sistema]
[2025-06-12][17:09:09.026107300][Jorge][Accede al sistema]
[2025-06-12][17:09:30.955410300][Jorge][Accede al sistema]
[2025-06-12][17:09:52.473647200][Jorge][Accede al sistema]
[2025-06-12][17:10:19.995529100][Jorge][Accede al sistema]
[2025-06-12][17:10:35.450270500][Jorge][Accede al sistema]
[2025-06-12][17:13:03.853155600][Jorge][Accede al sistema]
[2025-06-12][17:13:07.409873200][null][Exportación de datos de pacientes]
[2025-06-12][17:26:24.050192900][Jorge][Accede al sistema]
[2025-06-12][17:26:26.746583600][Jorge][Exportación de datos de pacientes]
[2025-06-12][17:27:18.940139400][Jorge][Accede al sistema]
[2025-06-12][17:27:22.427688][Jorge][Exportación de datos de pacientes]
[2025-06-12][17:37:27.597310400][Jorge][Accede al sistema]
[2025-06-12][17:37:30.754785300][Jorge][Exportación de datos de pacientes]
[2025-06-12][18:40:34.292882400][Jorge][Accede al sistema]
[2025-06-12][18:42:58.663589600][Jorge][Accede al sistema]
[2025-06-12][18:45:43.015927300][Jorge][Accede al sistema]
[2025-06-13][08:24:17.578523800][Jorge][Accede al sistema]
[2025-06-13][08:26:42.193956700][Jorge][Accede al sistema]
[2025-06-13][08:32:02.723142500][Jorge][Accede al sistema]
[2025-06-13][08:42:15.599619200][Jorge][Accede al sistema]
[2025-06-13][08:43:29.716370500][Jorge][Accede al sistema]
[2025-06-13][08:45:23.714499400][Jorge][Accede al sistema]
[2025-06-13][08:46:42.112638200][Jorge][Accede al sistema]
[2025-06-13][08:47:39.351249400][Jorge][Accede al sistema]
[2025-06-13][08:52:51.963560500][Jorge][Accede al sistema]
[2025-06-13][09:26:44.273736700][Jorge][Accede al sistema]
[2025-06-13][09:27:04.391715700][Jorge][Accede al sistema]
[2025-06-13][09:31:44.359926600][Jorge][Accede al sistema]
[2025-06-13][09:33:29.552414100][Jorge][Accede al sistema]
[2025-06-13][09:35:24.308433][Jorge][Accede al sistema]
[2025-06-13][09:37:27.335334900][Jorge][Accede al sistema]
[2025-06-13][09:38:15.998853600][Jorge][Accede al sistema]
[2025-06-13][09:39:34.718830900][Jorge][Accede al sistema]
[2025-06-13][09:40:18.859991100][Jorge][Accede al sistema]
[2025-06-13][09:40:51.801219][Jorge][Accede al sistema]
[2025-06-13][09:43:22.212116700][Jorge][Accede al sistema]
[2025-06-13][09:43:37.651313600][Jorge][Accede al sistema]
[2025-06-13][09:47:16.452717400][Jorge][Accede al sistema]
[2025-06-13][09:48:17.874297500][Jorge][Accede al sistema]
[2025-06-13][09:48:42.041340][Jorge][Accede al sistema]
[2025-06-13][09:50:48.911731200][Jorge][Accede al sistema]
[2025-06-13][09:51:05.276197400][Jorge][Accede al sistema]
[2025-06-13][09:51:10.573050600][Jorge][Accede al sistema]
[2025-06-13][09:52:51.570882800][Jorge][Accede al sistema]
[2025-06-13][10:03:53.636333400][Jorge][Accede al sistema]
[2025-06-13][10:04:18.715500600][Jorge][Exportación de datos de pacientes]
[2025-06-13][10:04:37.252953200][null][Exportación de datos de pacientes]
[2025-06-13][10:05:38.868057800][Jorge][Accede al sistema]
[2025-06-13][10:05:46.286591300][null][Exportación de datos de pacientes]
[2025-06-13][10:14:00.462021800][Ruben][Accede al sistema]
[2025-06-13][10:18:02.344315200][Jorge][Accede al sistema]
[2025-06-13][10:49:29.213649800][Jorge][Accede al sistema]
[2025-06-13][11:22:15.210652600][Jorge][Accede al sistema]
[2025-06-13][11:27:44.663983900][Jorge][Accede al sistema]
[2025-06-13][14:33:48.242050200][Jorge][Accede al sistema]
[2025-06-13][14:35:55.837246200][Jorge][Accede al sistema]
[2025-06-13][14:37:37.167951900][Jorge][Accede al sistema]
[2025-06-13][14:37:51.263013300][Jorge][Accede al sistema]
[2025-06-13][14:38:29.007665400][Jorge][Accede al sistema]
[2025-06-13][14:38:55.734676200][Jorge][Accede al sistema]
[2025-06-13][14:39:27.751116800][Jorge][Accede al sistema]
[2025-06-13][14:39:42.364064900][Jorge][Accede al sistema]
[2025-06-13][14:50:03.739157][Jorge][Baja de registro de ingesta]
[2025-06-13][14:51:54.849955][Jorge][Accede al sistema]
[2025-06-13][14:54:02.121805900][Jorge][Accede al sistema]
[2025-06-13][14:56:07.143976500][Jorge][Accede al sistema]
[2025-06-13][14:56:29.879971400][Jorge][Accede al sistema]
[2025-06-13][14:56:50.508772900][Jorge][Accede al sistema]
[2025-06-13][14:57:07.511641800][Jorge][Accede al sistema]
[2025-06-13][14:57:27.706165700][Jorge][Accede al sistema]
[2025-06-13][14:57:43.911854100][Jorge][Accede al sistema]
[2025-06-13][15:04:42.201042300][Jorge][Accede al sistema]
[2025-06-13][15:05:17.454251900][Jorge][Accede al sistema]
[2025-06-13][15:05:36.690195200][Jorge][Accede al sistema]
[2025-06-13][15:36:42.831421400][Jorge][Exportación de datos de pacientes]
[2025-06-14][11:33:20.068867200][Jorge][Accede al sistema]
[2025-06-14][11:33:53.746349400][Ruben][Accede al sistema]
[2025-06-14][11:34:29.462991700][Jorge][Accede al sistema]
[2025-06-14][11:34:58.633552600][Ruben][Accede al sistema]
[2025-06-14][18:15:37.075076500][Jorge][Accede al sistema]
[2025-06-14][18:17:05.843017600][Jorge][Alta de nueva clínica]
[2025-06-14][18:17:05.844015100][Jorge][INSERT INTO clinicas VALUES (null,'Palmas Altas','787665421','11:00');]
[2025-06-14][18:35:47.044636700][Jorge][Baja de clínica]
[2025-06-14][19:12:44.812652500][][SELECT * FROM clinicas WHERE idClinica = 16]
[2025-06-14][19:14:03.636711900][null][Modificación de Clínica]
[2025-06-14][19:14:14.453615600][][SELECT * FROM clinicas WHERE idClinica = 16]
[2025-06-14][19:14:16.734779200][null][Modificación de Clínica]
[2025-06-14][19:14:26.102927400][][SELECT * FROM clinicas WHERE idClinica = 15]
[2025-06-14][19:14:31.655908300][null][Modificación de Clínica]
[2025-06-14][19:16:09.056727][Jorge][Accede al sistema]
[2025-06-14][19:16:17.036001600][][SELECT * FROM clinicas WHERE idClinica = 14]
[2025-06-14][19:16:24.974716600][null][Modificación de Clínica]
[2025-06-14][19:21:45.612935200][Jorge][Alta de nuevo tratamiento]
[2025-06-14][19:21:45.613937700][Jorge][INSERT INTO tratamientos VALUES (null,'2029-01-02','Crema solar +25','21.99');]
[2025-06-14][19:31:59.713797900][Jorge][Accede al sistema]
[2025-06-14][19:35:56.093038400][Jorge][Accede al sistema]
[2025-06-14][19:40:05.840195][null][Baja de tratamiento]
[2025-06-14][19:44:11.206830400][Jorge][Accede al sistema]
[2025-06-14][19:44:17.217496300][null][Baja de tratamiento]
[2025-06-14][19:45:42.896494400][null][Baja de tratamiento]
[2025-06-14][19:54:26.515082900][null][Modificación de tratamiento]
[2025-06-14][19:56:36.243439900][Jorge][Accede al sistema]
[2025-06-14][19:57:20.123960600][Jorge][Accede al sistema]
[2025-06-14][19:58:00.310994][Jorge][Accede al sistema]
[2025-06-14][19:58:34.956967600][null][Modificación de tratamiento]
[2025-06-14][20:23:08.124283700][Jorge][Alta de nuevo paciente]
[2025-06-14][20:23:08.129702500][Jorge][INSERT INTO pacientes VALUES (null,'Marina Sastre','23','Carlos Guerra','17');]
[2025-06-15][12:01:49.407069700][Jorge][Accede al sistema]
[2025-06-15][12:09:50.219982900][Jorge][Accede al sistema]
[2025-06-15][12:10:52.802998200][null][Baja de un paciente]
[2025-06-15][12:19:31.571287200][null][Modificación de paciente]
[2025-06-15][12:21:14.031928600][Jorge][Accede al sistema]
[2025-06-15][12:22:14.457925900][Jorge][Modificación de paciente]
[2025-06-15][12:24:00.471016300][Jorge][Accede al sistema]
[2025-06-15][17:20:42.813624700][Jorge][Accede al sistema]
[2025-06-15][17:21:47.347846600][Jorge][Alta de nuevo registro de ingesta]
[2025-06-15][17:21:47.347846600][Jorge][INSERT INTO ingieren (recetaIngiere, medicoIngiere, idPacienteFK, idTratamientoFK) VALUES ('7', 'Jorge', 4, 4);]
[2025-06-15][17:37:04.845812][Jorge][Baja de registro de ingesta]
[2025-06-15][17:45:45.142145200][Jorge][Modificación de registro de ingesta id: 2]
[2025-06-15][17:45:58.521751900][Jorge][Modificación de registro de ingesta id: 2]
[2025-06-15][17:46:32.146590900][Jorge][Modificación de registro de ingesta id: 5]
[2025-06-15][17:46:52.943179600][Jorge][Modificación de registro de ingesta id: 2]
[2025-06-15][17:50:28.066355600][Jorge][Accede al sistema]
[2025-06-15][17:51:20.185086300][Jorge][Accede al sistema]
[2025-06-15][17:54:46.098674300][Jorge][Accede al sistema]
[2025-06-15][17:54:57.108010400][Jorge][Modificación de registro de ingesta id: 2]
[2025-06-15][18:06:26.839649][Jorge][Exportación de datos de pacientes]
[2025-06-15][18:26:55.236016200][Jorge][Accede al sistema]
